Opaque/build/outputs/logs/manifest-merger-debug-report.txt
-- Merging decision tree log ---
manifest
ADDED from src/main/AndroidManifest.xml:2:1-145:12
INJECTED from src/main/AndroidManifest.xml:2:1-145:12
INJECTED from src/main/AndroidManifest.xml:2:1-145:12
MERGED from [:remoteClientLib] AndroidManifest.xml:2:1-24:12
MERGED from [:freeRDPCore] AndroidManifest.xml:2:1-10:12
MERGED from [com.android.support:appcompat-v7:27.1.1] AndroidManifest.xml:17:1-22:12
MERGED from [com.android.support:support-v4:27.0.2] AndroidManifest.xml:17:1-22:12
MERGED from [com.android.support:support-fragment:27.1.1] AndroidManifest.xml:17:1-22:12
MERGED from [com.android.support:animated-vector-drawable:27.1.1] AndroidManifest.xml:17:1-22:12
MERGED from [com.android.support:support-core-ui:27.1.1] AndroidManifest.xml:17:1-22:12
MERGED from [com.android.support:support-core-utils:27.1.1] AndroidManifest.xml:17:1-22:12
MERGED from [com.android.support:support-vector-drawable:27.1.1] AndroidManifest.xml:17:1-22:12
MERGED from [com.android.support:support-media-compat:27.0.2] AndroidManifest.xml:17:1-22:12
MERGED from [com.android.support:support-compat:27.1.1] AndroidManifest.xml:17:1-22:12
MERGED from [android.arch.lifecycle:livedata-core:1.1.0] AndroidManifest.xml:17:1-22:12
MERGED from [android.arch.lifecycle:viewmodel:1.1.0] AndroidManifest.xml:17:1-22:12
MERGED from [android.arch.lifecycle:runtime:1.1.0] AndroidManifest.xml:17:1-22:12
MERGED from [android.arch.core:runtime:1.1.0] AndroidManifest.xml:17:1-22:12
INJECTED from src/main/AndroidManifest.xml:2:1-145:12
INJECTED from src/main/AndroidManifest.xml:2:1-145:12
	package
		ADDED from src/main/AndroidManifest.xml:4:5-34
	android:versionName
		ADDED from src/main/AndroidManifest.xml:6:5-32
		INJECTED from src/main/AndroidManifest.xml
		INJECTED from src/main/AndroidManifest.xml
	xmlns:tools
		ADDED from src/main/AndroidManifest.xml:3:5-51
	xmlns:android
		ADDED from src/main/AndroidManifest.xml:2:11-69
	android:versionCode
		ADDED from src/main/AndroidManifest.xml:5:5-31
		INJECTED from src/main/AndroidManifest.xml
		INJECTED from src/main/AndroidManifest.xml
uses-permission#android.permission.INTERNET
ADDED from src/main/AndroidManifest.xml:8:5-83
MERGED from [:remoteClientLib] AndroidManifest.xml:10:5-67
MERGED from [:remoteClientLib] AndroidManifest.xml:10:5-67
	android:name
		ADDED from src/main/AndroidManifest.xml:8:22-64
uses-permission#android.permission.VIBRATE
ADDED from src/main/AndroidManifest.xml:9:5-66
MERGED from [:remoteClientLib] AndroidManifest.xml:11:5-66
MERGED from [:remoteClientLib] AndroidManifest.xml:11:5-66
	android:name
		ADDED from src/main/AndroidManifest.xml:9:22-63
uses-permission#android.permission.READ_EXTERNAL_STORAGE
ADDED from src/main/AndroidManifest.xml:10:5-96
MERGED from [:remoteClientLib] AndroidManifest.xml:12:5-80
MERGED from [:remoteClientLib] AndroidManifest.xml:12:5-80
	android:name
		ADDED from src/main/AndroidManifest.xml:10:22-77
uses-permission#android.permission.WRITE_EXTERNAL_STORAGE
ADDED from src/main/AndroidManifest.xml:11:5-97
MERGED from [:remoteClientLib] AndroidManifest.xml:13:5-81
MERGED from [:remoteClientLib] AndroidManifest.xml:13:5-81
	android:name
		ADDED from src/main/AndroidManifest.xml:11:22-78
uses-permission#android.permission.ACCESS_NETWORK_STATE
ADDED from src/main/AndroidManifest.xml:12:5-95
MERGED from [:remoteClientLib] AndroidManifest.xml:14:5-79
MERGED from [:remoteClientLib] AndroidManifest.xml:14:5-79
	android:name
		ADDED from src/main/AndroidManifest.xml:12:22-76
uses-permission#android.permission.RECORD_AUDIO
ADDED from src/main/AndroidManifest.xml:13:5-87
MERGED from [:remoteClientLib] AndroidManifest.xml:15:5-71
MERGED from [:remoteClientLib] AndroidManifest.xml:15:5-71
	android:name
		ADDED from src/main/AndroidManifest.xml:13:22-68
uses-feature#android.hardware.touchscreen
ADDED from src/main/AndroidManifest.xml:14:5-90
MERGED from [:remoteClientLib] AndroidManifest.xml:17:5-19:36
MERGED from [:remoteClientLib] AndroidManifest.xml:17:5-19:36
	android:required
		ADDED from src/main/AndroidManifest.xml:14:63-87
	android:name
		ADDED from src/main/AndroidManifest.xml:14:19-62
uses-feature#android.hardware.microphone
ADDED from src/main/AndroidManifest.xml:15:5-88
MERGED from [:remoteClientLib] AndroidManifest.xml:20:5-22:36
MERGED from [:remoteClientLib] AndroidManifest.xml:20:5-22:36
	android:required
		ADDED from src/main/AndroidManifest.xml:15:62-86
	android:name
		ADDED from src/main/AndroidManifest.xml:15:19-61
supports-screens
ADDED from src/main/AndroidManifest.xml:17:5-22:36
	android:largeScreens
		ADDED from src/main/AndroidManifest.xml:19:9-36
	android:smallScreens
		ADDED from src/main/AndroidManifest.xml:21:9-36
	android:normalScreens
		ADDED from src/main/AndroidManifest.xml:20:9-37
	android:xlargeScreens
		ADDED from src/main/AndroidManifest.xml:18:9-37
	android:anyDensity
		ADDED from src/main/AndroidManifest.xml:22:9-34
application
ADDED from src/main/AndroidManifest.xml:24:5-144:19
	android:label
		ADDED from src/main/AndroidManifest.xml:27:9-41
	android:icon
		ADDED from src/main/AndroidManifest.xml:26:9-45
	android:allowBackup
		ADDED from src/main/AndroidManifest.xml:25:9-35
	android:theme
		ADDED from src/main/AndroidManifest.xml:28:9-40
activity#com.undatech.opaque.ConnectionGridActivity
ADDED from src/main/AndroidManifest.xml:29:9-38:20
	android:label
		ADDED from src/main/AndroidManifest.xml:32:13-45
	android:configChanges
		ADDED from src/main/AndroidManifest.xml:31:13-74
	android:theme
		ADDED from src/main/AndroidManifest.xml:33:13-63
	android:name
		ADDED from src/main/AndroidManifest.xml:30:13-70
intent-filter#action:name:android.intent.action.MAIN+category:name:android.intent.category.LAUNCHER
ADDED from src/main/AndroidManifest.xml:34:13-37:29
action#android.intent.action.MAIN
ADDED from src/main/AndroidManifest.xml:35:17-69
	android:name
		ADDED from src/main/AndroidManifest.xml:35:25-66
category#android.intent.category.LAUNCHER
ADDED from src/main/AndroidManifest.xml:36:17-77
	android:name
		ADDED from src/main/AndroidManifest.xml:36:27-74
activity#com.undatech.opaque.ConnectionSetupActivity
ADDED from src/main/AndroidManifest.xml:39:9-44:20
	android:label
		ADDED from src/main/AndroidManifest.xml:42:13-45
	android:configChanges
		ADDED from src/main/AndroidManifest.xml:41:13-74
	android:theme
		ADDED from src/main/AndroidManifest.xml:43:13-63
	android:name
		ADDED from src/main/AndroidManifest.xml:40:13-71
activity#com.undatech.opaque.AdvancedSettingsActivity
ADDED from src/main/AndroidManifest.xml:45:9-50:20
	android:label
		ADDED from src/main/AndroidManifest.xml:48:13-54
	android:configChanges
		ADDED from src/main/AndroidManifest.xml:47:13-74
	android:theme
		ADDED from src/main/AndroidManifest.xml:49:13-63
	android:name
		ADDED from src/main/AndroidManifest.xml:46:13-72
activity#com.undatech.opaque.RemoteCanvasActivity
ADDED from src/main/AndroidManifest.xml:51:9-132:20
	android:screenOrientation
		ADDED from src/main/AndroidManifest.xml:53:13-52
	android:launchMode
		ADDED from src/main/AndroidManifest.xml:57:13-44
	android:windowSoftInputMode
		ADDED from src/main/AndroidManifest.xml:55:13-67
	android:configChanges
		ADDED from src/main/AndroidManifest.xml:54:13-123
	android:theme
		ADDED from src/main/AndroidManifest.xml:56:13-44
	android:name
		ADDED from src/main/AndroidManifest.xml:52:13-68
intent-filter#action:name:android.intent.action.VIEW+category:name:android.intent.category.BROWSABLE+category:name:android.intent.category.DEFAULT+data:mimeType:application/x-virt-viewer+data:mimeType:application/x-virt-viewer+data:scheme:content+data:scheme:file
ADDED from src/main/AndroidManifest.xml:59:13-69:29
	android:label
		ADDED from src/main/AndroidManifest.xml:61:17-49
	android:icon
		ADDED from src/main/AndroidManifest.xml:60:17-46
action#android.intent.action.VIEW
ADDED from src/main/AndroidManifest.xml:62:17-69
	android:name
		ADDED from src/main/AndroidManifest.xml:62:25-66
category#android.intent.category.BROWSABLE
ADDED from src/main/AndroidManifest.xml:64:17-78
	android:name
		ADDED from src/main/AndroidManifest.xml:64:27-75
category#android.intent.category.DEFAULT
ADDED from src/main/AndroidManifest.xml:65:17-76
	android:name
		ADDED from src/main/AndroidManifest.xml:65:27-73
data
ADDED from src/main/AndroidManifest.xml:67:17-92
	android:host
		ADDED from src/main/AndroidManifest.xml:79:45-61
	android:scheme
		ADDED from src/main/AndroidManifest.xml:67:23-44
	android:pathPattern
		ADDED from src/main/AndroidManifest.xml:91:62-91
	android:mimeType
		ADDED from src/main/AndroidManifest.xml:67:45-89
intent-filter#action:name:android.intent.action.VIEW+category:name:android.intent.category.BROWSABLE+category:name:android.intent.category.DEFAULT+data:host:*+data:host:*+data:mimeType:application/x-virt-viewer+data:mimeType:application/x-virt-viewer+data:scheme:content+data:scheme:file
ADDED from src/main/AndroidManifest.xml:71:13-81:29
	android:label
		ADDED from src/main/AndroidManifest.xml:73:17-49
	android:icon
		ADDED from src/main/AndroidManifest.xml:72:17-46
intent-filter#action:name:android.intent.action.VIEW+category:name:android.intent.category.BROWSABLE+category:name:android.intent.category.DEFAULT+data:host:*+data:host:*+data:host:*+data:host:*+data:host:*+data:host:*+data:host:*+data:host:*+data:host:*+data:host:*+data:host:*+data:host:*+data:host:*+data:host:*+data:pathPattern:.*\\..*\\..*\\..*\\..*\\..*\\..*\\.vv+data:pathPattern:.*\\..*\\..*\\..*\\..*\\..*\\..*\\.vv+data:pathPattern:.*\\..*\\..*\\..*\\..*\\..*\\.vv+data:pathPattern:.*\\..*\\..*\\..*\\..*\\..*\\.vv+data:pathPattern:.*\\..*\\..*\\..*\\..*\\.vv+data:pathPattern:.*\\..*\\..*\\..*\\..*\\.vv+data:pathPattern:.*\\..*\\..*\\..*\\.vv+data:pathPattern:.*\\..*\\..*\\..*\\.vv+data:pathPattern:.*\\..*\\..*\\.vv+data:pathPattern:.*\\..*\\..*\\.vv+data:pathPattern:.*\\..*\\.vv+data:pathPattern:.*\\..*\\.vv+data:pathPattern:.*\\.vv+data:pathPattern:.*\\.vv+data:scheme:content+data:scheme:content+data:scheme:content+data:scheme:content+data:scheme:content+data:scheme:content+data:scheme:content+data:scheme:file+data:scheme:file+data:scheme:file+data:scheme:file+data:scheme:file+data:scheme:file+data:scheme:file
ADDED from src/main/AndroidManifest.xml:83:13-106:29
	android:label
		ADDED from src/main/AndroidManifest.xml:85:17-49
	android:icon
		ADDED from src/main/AndroidManifest.xml:84:17-46
intent-filter#action:name:android.intent.action.VIEW+category:name:android.intent.category.BROWSABLE+category:name:android.intent.category.DEFAULT+data:host:*+data:host:*+data:host:*+data:host:*+data:host:*+data:host:*+data:host:*+data:host:*+data:host:*+data:host:*+data:host:*+data:host:*+data:host:*+data:host:*+data:mimeType:*/*+data:mimeType:*/*+data:mimeType:*/*+data:mimeType:*/*+data:mimeType:*/*+data:mimeType:*/*+data:mimeType:*/*+data:mimeType:*/*+data:mimeType:*/*+data:mimeType:*/*+data:mimeType:*/*+data:mimeType:*/*+data:mimeType:*/*+data:mimeType:*/*+data:pathPattern:.*\\..*\\..*\\..*\\..*\\..*\\..*\\.vv+data:pathPattern:.*\\..*\\..*\\..*\\..*\\..*\\..*\\.vv+data:pathPattern:.*\\..*\\..*\\..*\\..*\\..*\\.vv+data:pathPattern:.*\\..*\\..*\\..*\\..*\\..*\\.vv+data:pathPattern:.*\\..*\\..*\\..*\\..*\\.vv+data:pathPattern:.*\\..*\\..*\\..*\\..*\\.vv+data:pathPattern:.*\\..*\\..*\\..*\\.vv+data:pathPattern:.*\\..*\\..*\\..*\\.vv+data:pathPattern:.*\\..*\\..*\\.vv+data:pathPattern:.*\\..*\\..*\\.vv+data:pathPattern:.*\\..*\\.vv+data:pathPattern:.*\\..*\\.vv+data:pathPattern:.*\\.vv+data:pathPattern:.*\\.vv+data:scheme:content+data:scheme:content+data:scheme:content+data:scheme:content+data:scheme:content+data:scheme:content+data:scheme:content+data:scheme:file+data:scheme:file+data:scheme:file+data:scheme:file+data:scheme:file+data:scheme:file+data:scheme:file
ADDED from src/main/AndroidManifest.xml:108:13-131:29
	android:label
		ADDED from src/main/AndroidManifest.xml:110:17-49
	android:icon
		ADDED from src/main/AndroidManifest.xml:109:17-46
uses-library#com.sec.android.app.multiwindow
ADDED from src/main/AndroidManifest.xml:133:9-111
	android:required
		ADDED from src/main/AndroidManifest.xml:133:23-47
	android:name
		ADDED from src/main/AndroidManifest.xml:133:48-94
meta-data#com.sec.android.support.multiwindow
ADDED from src/main/AndroidManifest.xml:134:17-135:51
	android:value
		ADDED from src/main/AndroidManifest.xml:135:28-48
	android:name
		ADDED from src/main/AndroidManifest.xml:134:28-78
meta-data#com.sec.android.multiwindow.DEFAULT_SIZE_W
ADDED from src/main/AndroidManifest.xml:136:17-137:74
	android:resource
		ADDED from src/main/AndroidManifest.xml:137:28-71
	android:name
		ADDED from src/main/AndroidManifest.xml:136:28-85
meta-data#com.sec.android.multiwindow.DEFAULT_SIZE_H
ADDED from src/main/AndroidManifest.xml:138:17-139:74
	android:resource
		ADDED from src/main/AndroidManifest.xml:139:28-71
	android:name
		ADDED from src/main/AndroidManifest.xml:138:28-85
meta-data#com.sec.android.multiwindow.MINIMUM_SIZE_W
ADDED from src/main/AndroidManifest.xml:140:17-141:74
	android:resource
		ADDED from src/main/AndroidManifest.xml:141:28-71
	android:name
		ADDED from src/main/AndroidManifest.xml:140:28-85
meta-data#com.sec.android.multiwindow.MINIMUM_SIZE_H
ADDED from src/main/AndroidManifest.xml:142:17-143:74
	android:resource
		ADDED from src/main/AndroidManifest.xml:143:28-71
	android:name
		ADDED from src/main/AndroidManifest.xml:142:28-85
uses-sdk
INJECTED from src/main/AndroidManifest.xml reason: use-sdk injection requested
INJECTED from src/main/AndroidManifest.xml
INJECTED from src/main/AndroidManifest.xml
MERGED from [:remoteClientLib] AndroidManifest.xml:6:5-8:41
MERGED from [:remoteClientLib] AndroidManifest.xml:6:5-8:41
MERGED from [:freeRDPCore] AndroidManifest.xml:6:5-8:41
MERGED from [:freeRDPCore] AndroidManifest.xml:6:5-8:41
MERGED from [com.android.support:appcompat-v7:27.1.1] AndroidManifest.xml:20:5-44
MERGED from [com.android.support:appcompat-v7:27.1.1] AndroidManifest.xml:20:5-44
MERGED from [com.android.support:support-v4:27.0.2] AndroidManifest.xml:20:5-44
MERGED from [com.android.support:support-v4:27.0.2] AndroidManifest.xml:20:5-44
MERGED from [com.android.support:support-fragment:27.1.1] AndroidManifest.xml:20:5-44
MERGED from [com.android.support:support-fragment:27.1.1] AndroidManifest.xml:20:5-44
MERGED from [com.android.support:animated-vector-drawable:27.1.1] AndroidManifest.xml:20:5-44
MERGED from [com.android.support:animated-vector-drawable:27.1.1] AndroidManifest.xml:20:5-44
MERGED from [com.android.support:support-core-ui:27.1.1] AndroidManifest.xml:20:5-44
MERGED from [com.android.support:support-core-ui:27.1.1] AndroidManifest.xml:20:5-44
MERGED from [com.android.support:support-core-utils:27.1.1] AndroidManifest.xml:20:5-44
MERGED from [com.android.support:support-core-utils:27.1.1] AndroidManifest.xml:20:5-44
MERGED from [com.android.support:support-vector-drawable:27.1.1] AndroidManifest.xml:20:5-44
MERGED from [com.android.support:support-vector-drawable:27.1.1] AndroidManifest.xml:20:5-44
MERGED from [com.android.support:support-media-compat:27.0.2] AndroidManifest.xml:20:5-44
MERGED from [com.android.support:support-media-compat:27.0.2] AndroidManifest.xml:20:5-44
MERGED from [com.android.support:support-compat:27.1.1] AndroidManifest.xml:20:5-44
MERGED from [com.android.support:support-compat:27.1.1] AndroidManifest.xml:20:5-44
MERGED from [android.arch.lifecycle:livedata-core:1.1.0] AndroidManifest.xml:20:5-44
MERGED from [android.arch.lifecycle:livedata-core:1.1.0] AndroidManifest.xml:20:5-44
MERGED from [android.arch.lifecycle:viewmodel:1.1.0] AndroidManifest.xml:20:5-44
MERGED from [android.arch.lifecycle:viewmodel:1.1.0] AndroidManifest.xml:20:5-44
MERGED from [android.arch.lifecycle:runtime:1.1.0] AndroidManifest.xml:20:5-44
MERGED from [android.arch.lifecycle:runtime:1.1.0] AndroidManifest.xml:20:5-44
MERGED from [android.arch.core:runtime:1.1.0] AndroidManifest.xml:20:5-44
MERGED from [android.arch.core:runtime:1.1.0] AndroidManifest.xml:20:5-44
INJECTED from src/main/AndroidManifest.xml
INJECTED from src/main/AndroidManifest.xml
	android:targetSdkVersion
		INJECTED from src/main/AndroidManifest.xml
		ADDED from src/main/AndroidManifest.xml
		INJECTED from src/main/AndroidManifest.xml
	android:minSdkVersion
		INJECTED from src/main/AndroidManifest.xml
		ADDED from src/main/AndroidManifest.xml
		INJECTED from src/main/AndroidManifest.xml